Virtual User Script started at: 1/24/2019 7:52:08 PM
Starting action vuser_init.
Web Turbo Replay of LoadRunner 12.60.0 for Windows 10; build 971 (Aug 09 2018 11:27:13)  	[MsgId: MMSG-26983]
Run mode: HTML  	[MsgId: MMSG-26993]
Replay user agent: Mozilla/5.0 (compatible; MSIE 10.0; Windows NT 6.1; Trident/6.0)  	[MsgId: MMSG-26988]
Runtime Settings file: "C:\Users\Abhaybh\Documents\VuGen\Scripts\SampleScript\\default.cfg"  	[MsgId: MMSG-27141]
Ending action vuser_init.
Running Vuser...
Starting iteration 1.
Maximum number of concurrent connections per server: 6  	[MsgId: MMSG-26989]
Starting action Action.
Action.c(4): Notify: Transaction "Reverse" started.
Action.c(6): Changed [ABC123456] to [654321CBA]
Action.c(7): Notify: Transaction "Reverse" ended with a "Pass" status (Duration: 0.0059).
Action.c(12): Changed [Peter Piper] to [repiP reteP]
Action.c(16): Changed [Fiddlesticks] to [skcitselddiF]
Ending action Action.
Ending iteration 1.
Ending Vuser...
Starting action vuser_end.
Ending action vuser_end.
Vuser Terminated.
